2011-10-11 17:08:11,815  INFO NativeMethodAccessorImpl:? - Initializing Spring root WebApplicationContext
2011-10-11 17:08:11,819  INFO            ContextLoader:187 - Root WebApplicationContext: initialization started
2011-10-11 17:08:11,819  INFO            ContextLoader:187 - Root WebApplicationContext: initialization started
2011-10-11 17:08:11,861  INFO AbstractApplicationContext:456 - Refreshing Root WebApplicationContext: startup date [Tue Oct 11 17:08:11 CEST 2011]; root of context hierarchy
2011-10-11 17:08:11,861  INFO AbstractApplicationContext:456 - Refreshing Root WebApplicationContext: startup date [Tue Oct 11 17:08:11 CEST 2011]; root of context hierarchy
2011-10-11 17:08:11,922  INFO  XmlBeanDefinitionReader:315 - Loading XML bean definitions from URL [jar:file:/C:/Users/Luca/.m2/repository/it/geosolutions/geobatch/gb-action-ascii/1.0/gb-action-ascii-1.0.jar!/applicationContext.xml]
2011-10-11 17:08:11,922  INFO  XmlBeanDefinitionReader:315 - Loading XML bean definitions from URL [jar:file:/C:/Users/Luca/.m2/repository/it/geosolutions/geobatch/gb-action-ascii/1.0/gb-action-ascii-1.0.jar!/applicationContext.xml]
2011-10-11 17:08:11,956  INFO  XmlBeanDefinitionReader:315 - Loading XML bean definitions from URL [jar:file:/C:/Users/Luca/.m2/repository/it/geosolutions/geobatch/figis/gb-action-figis-cron/0.1-SNAPSHOT/gb-action-figis-cron-0.1-SNAPSHOT.jar!/applicationContext.xml]
2011-10-11 17:08:11,956  INFO  XmlBeanDefinitionReader:315 - Loading XML bean definitions from URL [jar:file:/C:/Users/Luca/.m2/repository/it/geosolutions/geobatch/figis/gb-action-figis-cron/0.1-SNAPSHOT/gb-action-figis-cron-0.1-SNAPSHOT.jar!/applicationContext.xml]
2011-10-11 17:08:11,966  INFO  XmlBeanDefinitionReader:315 - Loading XML bean definitions from URL [jar:file:/C:/Users/Luca/.m2/repository/it/geosolutions/geobatch/figis/gb-action-figis-intersection/0.1-SNAPSHOT/gb-action-figis-intersection-0.1-SNAPSHOT.jar!/applicationContext.xml]
2011-10-11 17:08:11,966  INFO  XmlBeanDefinitionReader:315 - Loading XML bean definitions from URL [jar:file:/C:/Users/Luca/.m2/repository/it/geosolutions/geobatch/figis/gb-action-figis-intersection/0.1-SNAPSHOT/gb-action-figis-intersection-0.1-SNAPSHOT.jar!/applicationContext.xml]
2011-10-11 17:08:11,974  INFO  XmlBeanDefinitionReader:315 - Loading XML bean definitions from URL [jar:file:/C:/Users/Luca/.m2/repository/it/geosolutions/geobatch/gb-action-freemarker/1.0/gb-action-freemarker-1.0.jar!/applicationContext.xml]
2011-10-11 17:08:11,974  INFO  XmlBeanDefinitionReader:315 - Loading XML bean definitions from URL [jar:file:/C:/Users/Luca/.m2/repository/it/geosolutions/geobatch/gb-action-freemarker/1.0/gb-action-freemarker-1.0.jar!/applicationContext.xml]
2011-10-11 17:08:11,984  INFO  XmlBeanDefinitionReader:315 - Loading XML bean definitions from URL [jar:file:/C:/Users/Luca/.m2/repository/it/geosolutions/geobatch/gb-action-ftp/1.0/gb-action-ftp-1.0.jar!/applicationContext.xml]
2011-10-11 17:08:11,984  INFO  XmlBeanDefinitionReader:315 - Loading XML bean definitions from URL [jar:file:/C:/Users/Luca/.m2/repository/it/geosolutions/geobatch/gb-action-ftp/1.0/gb-action-ftp-1.0.jar!/applicationContext.xml]
2011-10-11 17:08:11,998  INFO  XmlBeanDefinitionReader:315 - Loading XML bean definitions from URL [jar:file:/C:/Users/Luca/.m2/repository/it/geosolutions/geobatch/gb-action-geonetwork/1.0/gb-action-geonetwork-1.0.jar!/applicationContext.xml]
2011-10-11 17:08:11,998  INFO  XmlBeanDefinitionReader:315 - Loading XML bean definitions from URL [jar:file:/C:/Users/Luca/.m2/repository/it/geosolutions/geobatch/gb-action-geonetwork/1.0/gb-action-geonetwork-1.0.jar!/applicationContext.xml]
2011-10-11 17:08:12,006  INFO  XmlBeanDefinitionReader:315 - Loading XML bean definitions from URL [jar:file:/C:/Users/Luca/.m2/repository/it/geosolutions/geobatch/gb-action-geoserver/1.0/gb-action-geoserver-1.0.jar!/applicationContext.xml]
2011-10-11 17:08:12,006  INFO  XmlBeanDefinitionReader:315 - Loading XML bean definitions from URL [jar:file:/C:/Users/Luca/.m2/repository/it/geosolutions/geobatch/gb-action-geoserver/1.0/gb-action-geoserver-1.0.jar!/applicationContext.xml]
2011-10-11 17:08:12,014  INFO  XmlBeanDefinitionReader:315 - Loading XML bean definitions from URL [jar:file:/C:/Users/Luca/.m2/repository/it/geosolutions/geobatch/gb-action-geotiff/1.0/gb-action-geotiff-1.0.jar!/applicationContext.xml]
2011-10-11 17:08:12,014  INFO  XmlBeanDefinitionReader:315 - Loading XML bean definitions from URL [jar:file:/C:/Users/Luca/.m2/repository/it/geosolutions/geobatch/gb-action-geotiff/1.0/gb-action-geotiff-1.0.jar!/applicationContext.xml]
2011-10-11 17:08:12,024  INFO  XmlBeanDefinitionReader:315 - Loading XML bean definitions from URL [jar:file:/C:/Users/Luca/.m2/repository/it/geosolutions/geobatch/gb-action-geowebcache/1.0/gb-action-geowebcache-1.0.jar!/applicationContext.xml]
2011-10-11 17:08:12,024  INFO  XmlBeanDefinitionReader:315 - Loading XML bean definitions from URL [jar:file:/C:/Users/Luca/.m2/repository/it/geosolutions/geobatch/gb-action-geowebcache/1.0/gb-action-geowebcache-1.0.jar!/applicationContext.xml]
2011-10-11 17:08:12,034  INFO  XmlBeanDefinitionReader:315 - Loading XML bean definitions from URL [jar:file:/C:/Users/Luca/.m2/repository/it/geosolutions/geobatch/gb-action-imagemosaic/1.0/gb-action-imagemosaic-1.0.jar!/applicationContext.xml]
2011-10-11 17:08:12,034  INFO  XmlBeanDefinitionReader:315 - Loading XML bean definitions from URL [jar:file:/C:/Users/Luca/.m2/repository/it/geosolutions/geobatch/gb-action-imagemosaic/1.0/gb-action-imagemosaic-1.0.jar!/applicationContext.xml]
2011-10-11 17:08:12,044  INFO  XmlBeanDefinitionReader:315 - Loading XML bean definitions from URL [jar:file:/C:/Users/Luca/.m2/repository/it/geosolutions/geobatch/gb-action-octave-fileinfileout/1.0/gb-action-octave-fileinfileout-1.0.jar!/applicationContext.xml]
2011-10-11 17:08:12,044  INFO  XmlBeanDefinitionReader:315 - Loading XML bean definitions from URL [jar:file:/C:/Users/Luca/.m2/repository/it/geosolutions/geobatch/gb-action-octave-fileinfileout/1.0/gb-action-octave-fileinfileout-1.0.jar!/applicationContext.xml]
2011-10-11 17:08:12,052  INFO  XmlBeanDefinitionReader:315 - Loading XML bean definitions from URL [jar:file:/C:/Users/Luca/.m2/repository/it/geosolutions/geobatch/gb-action-scripting/1.0/gb-action-scripting-1.0.jar!/applicationContext.xml]
2011-10-11 17:08:12,052  INFO  XmlBeanDefinitionReader:315 - Loading XML bean definitions from URL [jar:file:/C:/Users/Luca/.m2/repository/it/geosolutions/geobatch/gb-action-scripting/1.0/gb-action-scripting-1.0.jar!/applicationContext.xml]
2011-10-11 17:08:12,061  INFO  XmlBeanDefinitionReader:315 - Loading XML bean definitions from URL [jar:file:/C:/Users/Luca/.m2/repository/it/geosolutions/geobatch/gb-action-shapefile/1.0/gb-action-shapefile-1.0.jar!/applicationContext.xml]
2011-10-11 17:08:12,061  INFO  XmlBeanDefinitionReader:315 - Loading XML bean definitions from URL [jar:file:/C:/Users/Luca/.m2/repository/it/geosolutions/geobatch/gb-action-shapefile/1.0/gb-action-shapefile-1.0.jar!/applicationContext.xml]
2011-10-11 17:08:12,073  INFO  XmlBeanDefinitionReader:315 - Loading XML bean definitions from URL [jar:file:/C:/Users/Luca/.m2/repository/it/geosolutions/geobatch/gb-action-shp2pg/1.0/gb-action-shp2pg-1.0.jar!/applicationContext.xml]
2011-10-11 17:08:12,073  INFO  XmlBeanDefinitionReader:315 - Loading XML bean definitions from URL [jar:file:/C:/Users/Luca/.m2/repository/it/geosolutions/geobatch/gb-action-shp2pg/1.0/gb-action-shp2pg-1.0.jar!/applicationContext.xml]
2011-10-11 17:08:12,080  INFO  XmlBeanDefinitionReader:315 - Loading XML bean definitions from URL [jar:file:/C:/Users/Luca/.m2/repository/it/geosolutions/geobatch/gb-action-splitting/1.0/gb-action-splitting-1.0.jar!/applicationContext.xml]
2011-10-11 17:08:12,080  INFO  XmlBeanDefinitionReader:315 - Loading XML bean definitions from URL [jar:file:/C:/Users/Luca/.m2/repository/it/geosolutions/geobatch/gb-action-splitting/1.0/gb-action-splitting-1.0.jar!/applicationContext.xml]
2011-10-11 17:08:12,088  INFO  XmlBeanDefinitionReader:315 - Loading XML bean definitions from URL [jar:file:/C:/Users/Luca/.m2/repository/it/geosolutions/geobatch/gb-action-taskexecutor/1.0/gb-action-taskexecutor-1.0.jar!/applicationContext.xml]
2011-10-11 17:08:12,088  INFO  XmlBeanDefinitionReader:315 - Loading XML bean definitions from URL [jar:file:/C:/Users/Luca/.m2/repository/it/geosolutions/geobatch/gb-action-taskexecutor/1.0/gb-action-taskexecutor-1.0.jar!/applicationContext.xml]
2011-10-11 17:08:12,096  INFO  XmlBeanDefinitionReader:315 - Loading XML bean definitions from URL [jar:file:/C:/Users/Luca/.m2/repository/it/geosolutions/geobatch/gb-action-xstream/1.0/gb-action-xstream-1.0.jar!/applicationContext.xml]
2011-10-11 17:08:12,096  INFO  XmlBeanDefinitionReader:315 - Loading XML bean definitions from URL [jar:file:/C:/Users/Luca/.m2/repository/it/geosolutions/geobatch/gb-action-xstream/1.0/gb-action-xstream-1.0.jar!/applicationContext.xml]
2011-10-11 17:08:12,108  INFO  XmlBeanDefinitionReader:315 - Loading XML bean definitions from URL [jar:file:/C:/Users/Luca/.m2/repository/it/geosolutions/geobatch/gb-alias-registry/1.0/gb-alias-registry-1.0.jar!/applicationContext.xml]
2011-10-11 17:08:12,108  INFO  XmlBeanDefinitionReader:315 - Loading XML bean definitions from URL [jar:file:/C:/Users/Luca/.m2/repository/it/geosolutions/geobatch/gb-alias-registry/1.0/gb-alias-registry-1.0.jar!/applicationContext.xml]
2011-10-11 17:08:12,115  INFO  XmlBeanDefinitionReader:315 - Loading XML bean definitions from URL [jar:file:/C:/Users/Luca/.m2/repository/it/geosolutions/geobatch/gb-core-impl/1.0/gb-core-impl-1.0.jar!/applicationContext.xml]
2011-10-11 17:08:12,115  INFO  XmlBeanDefinitionReader:315 - Loading XML bean definitions from URL [jar:file:/C:/Users/Luca/.m2/repository/it/geosolutions/geobatch/gb-core-impl/1.0/gb-core-impl-1.0.jar!/applicationContext.xml]
2011-10-11 17:08:12,128  INFO  XmlBeanDefinitionReader:315 - Loading XML bean definitions from URL [jar:file:/C:/Users/Luca/.m2/repository/it/geosolutions/geobatch/gb-dao-xstream/1.0/gb-dao-xstream-1.0.jar!/applicationContext.xml]
2011-10-11 17:08:12,128  INFO  XmlBeanDefinitionReader:315 - Loading XML bean definitions from URL [jar:file:/C:/Users/Luca/.m2/repository/it/geosolutions/geobatch/gb-dao-xstream/1.0/gb-dao-xstream-1.0.jar!/applicationContext.xml]
2011-10-11 17:08:12,138  INFO  XmlBeanDefinitionReader:315 - Loading XML bean definitions from URL [jar:file:/C:/Users/Luca/.m2/repository/it/geosolutions/geobatch/gb-fs-catalog/1.0/gb-fs-catalog-1.0.jar!/applicationContext.xml]
2011-10-11 17:08:12,138  INFO  XmlBeanDefinitionReader:315 - Loading XML bean definitions from URL [jar:file:/C:/Users/Luca/.m2/repository/it/geosolutions/geobatch/gb-fs-catalog/1.0/gb-fs-catalog-1.0.jar!/applicationContext.xml]
2011-10-11 17:08:12,150  INFO  XmlBeanDefinitionReader:315 - Loading XML bean definitions from URL [jar:file:/C:/Users/Luca/.m2/repository/it/geosolutions/geobatch/gb-fsm-core/1.0/gb-fsm-core-1.0.jar!/applicationContext.xml]
2011-10-11 17:08:12,150  INFO  XmlBeanDefinitionReader:315 - Loading XML bean definitions from URL [jar:file:/C:/Users/Luca/.m2/repository/it/geosolutions/geobatch/gb-fsm-core/1.0/gb-fsm-core-1.0.jar!/applicationContext.xml]
2011-10-11 17:08:12,158  INFO  XmlBeanDefinitionReader:315 - Loading XML bean definitions from URL [jar:file:/C:/Users/Luca/.m2/repository/it/geosolutions/geobatch/gb-fsm-quartz/1.0/gb-fsm-quartz-1.0.jar!/applicationContext.xml]
2011-10-11 17:08:12,158  INFO  XmlBeanDefinitionReader:315 - Loading XML bean definitions from URL [jar:file:/C:/Users/Luca/.m2/repository/it/geosolutions/geobatch/gb-fsm-quartz/1.0/gb-fsm-quartz-1.0.jar!/applicationContext.xml]
2011-10-11 17:08:12,170  INFO  XmlBeanDefinitionReader:315 - Loading XML bean definitions from URL [jar:file:/C:/Users/Luca/.m2/repository/it/geosolutions/geobatch/gb-ftp-server/1.0/gb-ftp-server-1.0.jar!/applicationContext.xml]
2011-10-11 17:08:12,170  INFO  XmlBeanDefinitionReader:315 - Loading XML bean definitions from URL [jar:file:/C:/Users/Luca/.m2/repository/it/geosolutions/geobatch/gb-ftp-server/1.0/gb-ftp-server-1.0.jar!/applicationContext.xml]
2011-10-11 17:08:12,445  INFO  XmlBeanDefinitionReader:315 - Loading XML bean definitions from URL [jar:file:/C:/Users/Luca/.m2/repository/it/geosolutions/geobatch/gb-ftp-server/1.0/gb-ftp-server-1.0.jar!/applicationContext-database.xml]
2011-10-11 17:08:12,445  INFO  XmlBeanDefinitionReader:315 - Loading XML bean definitions from URL [jar:file:/C:/Users/Luca/.m2/repository/it/geosolutions/geobatch/gb-ftp-server/1.0/gb-ftp-server-1.0.jar!/applicationContext-database.xml]
2011-10-11 17:08:12,535  INFO  XmlBeanDefinitionReader:315 - Loading XML bean definitions from URL [jar:file:/C:/Users/Luca/.m2/repository/it/geosolutions/geobatch/gb-ftp-server/1.0/gb-ftp-server-1.0.jar!/applicationContext-DAO.xml]
2011-10-11 17:08:12,535  INFO  XmlBeanDefinitionReader:315 - Loading XML bean definitions from URL [jar:file:/C:/Users/Luca/.m2/repository/it/geosolutions/geobatch/gb-ftp-server/1.0/gb-ftp-server-1.0.jar!/applicationContext-DAO.xml]
2011-10-11 17:08:12,603  INFO  XmlBeanDefinitionReader:315 - Loading XML bean definitions from URL [jar:file:/C:/Users/Luca/.m2/repository/it/geosolutions/geobatch/gb-gui/1.0/gb-gui-1.0.jar!/applicationContext.xml]
2011-10-11 17:08:12,603  INFO  XmlBeanDefinitionReader:315 - Loading XML bean definitions from URL [jar:file:/C:/Users/Luca/.m2/repository/it/geosolutions/geobatch/gb-gui/1.0/gb-gui-1.0.jar!/applicationContext.xml]
2011-10-11 17:08:12,612  INFO  XmlBeanDefinitionReader:315 - Loading XML bean definitions from URL [jar:file:/C:/Users/Luca/.m2/repository/it/geosolutions/geobatch/gb-jms/1.0/gb-jms-1.0.jar!/applicationContext.xml]
2011-10-11 17:08:12,612  INFO  XmlBeanDefinitionReader:315 - Loading XML bean definitions from URL [jar:file:/C:/Users/Luca/.m2/repository/it/geosolutions/geobatch/gb-jms/1.0/gb-jms-1.0.jar!/applicationContext.xml]
2011-10-11 17:08:12,935  INFO    CamelNamespaceHandler:143 - OSGi environment not detected.
